{:name "Bilbo", :items #{}, :health 114.28889010786071, :strength 100}
{:name "Gandalf", :items #{}, :health 75, :mana 995}
{:name "Bilbo", :items #{}, :health 120.38358624521595, :strength 100}
{:name "Smaug", :items #{}, :health 494.3403707508221, :strength 400}
{:name "Gandalf", :items #{}, :health 75, :mana 990}
{:name "Smaug", :items #{}, :health 489.07406031311444, :strength 400}
{:name "Bilbo", :items #{}, :health 121.07883194280782, :strength 100}
{:name "Bilbo", :items #{}, :health 104.36463055692278, :strength 100}
{:name "Smaug", :items #{}, :health 479.9279540916081, :strength 400}
{:name "Gandalf", :items #{}, :health 75, :mana 985}
{:name "Bilbo", :items #{}, :health 127.74089573817834, :strength 100}
{:name "Bilbo", :items #{}, :health 98.51844237388079, :strength 100}
{:name "Smaug", :items #{}, :health 479.6835676478064, :strength 400}
{:name "Gandalf", :items #{}, :health 75, :mana 966.6122184974275}
{:name "Bilbo", :items #{}, :health 190.45734988674303, :strength 100}
{:name "Bilbo", :items #{}, :health 175.46627480855634, :strength 100}
{:name "Smaug", :items #{}, :health 473.0713107457577, :strength 400}
{:name "Bilbo", :items #{}, :health 169.6122707786119, :strength 100}
{:name "Gandalf", :items #{}, :health 75, :mana 959.8096134004444}
{:name "Bilbo", :items #{}, :health 203.62529626352753, :strength 100}
{:name "Bilbo", :items #{}, :health 181.661339919779, :strength 100}
{:name "Smaug", :items #{}, :health 471.8878497128369, :strength 400}
{:name "Gandalf", :items #{}, :health 75, :mana 948.0556262561913}
{:name "Bilbo", :items #{}, :health 240.43127564104418, :strength 100}
{:name "Bilbo", :items #{}, :health 213.382706854074, :strength 100}
{:name "Smaug", :items #{}, :health 464.41457969494013, :strength 400}
{:name "Bilbo", :items #{}, :health 206.39093642448162, :strength 100}
{:name "Gandalf", :items #{}, :health 75, :mana 933.9927098783295}
{:name "Bilbo", :items #{}, :health 276.7055183137905, :strength 100}
{:name "Smaug", :items #{}, :health 461.774184600155, :strength 400}
{:name "Gandalf", :items #{}, :health 75, :mana 920.5001623834052}
{:name "Bilbo", :items #{}, :health 344.16825578841207, :strength 100}
{:name "Bilbo", :items #{}, :health 319.56260151274387, :strength 100}
{:name "Gandalf", :items #{}, :health 75, :mana 915.5001623834052}
{:name "Bilbo", :items #{}, :health 324.4145127503529, :strength 100}
{:name "Bilbo", :items #{}, :health 313.12448624613637, :strength 100}
{:name "Smaug", :items #{}, :health 457.39427174802955, :strength 400}
{:name "Smaug", :items #{}, :health 450.01575479553213, :strength 400}
{:name "Smaug", :items #{}, :health 445.27509514149125, :strength 400}
{:name "Gandalf", :items #{}, :health 75, :mana 899.0353553286717}
{:name "Bilbo", :items #{}, :health 395.44852151980376, :strength 100}
{:name "Gandalf", :items #{}, :health 75, :mana 894.0353553286717}
{:name "Bilbo", :items #{}, :health 401.1690937414744, :strength 100}
{:name "Smaug", :items #{}, :health 440.56495517511564, :strength 400}
{:name "Gandalf", :items #{}, :health 75, :mana 882.4856743316542}
{:name "Bilbo", :items #{}, :health 458.91749872656175, :strength 100}
{:name "Bilbo", :items #{}, :health 449.97877355522115, :strength 100}
{:name "Bilbo", :items #{}, :health 425.10029082113414, :strength 100}
{:name "Bilbo", :items #{}, :health 409.1296325459661, :strength 100}
{:name "Smaug", :items #{}, :health 431.1061880015933, :strength 400}
{:name "Gandalf", :items #{}, :health 75, :mana 870.6240259026289}
{:name "Bilbo", :items #{}, :health 468.43787469109265, :strength 100}
{:name "Gandalf", :items #{}, :health 75, :mana 861.8235799174732}
{:name "Bilbo", :items #{}, :health 512.440104616871, :strength 100}
{:name "Bilbo", :items #{}, :health 490.4572292417482, :strength 100}
{:name "Smaug", :items #{}, :health 424.6108076819591, :strength 400}
{:name "Bilbo", :items #{}, :health 475.85290299792973, :strength 100}
{:name "Bilbo", :items #{}, :health 466.32768174826634, :strength 100}
{:name "Smaug", :items #{}, :health 424.2758148668748, :strength 400}
{:name "Bilbo", :items #{}, :health 430.8776225244157, :strength 100}
{:name "Gandalf", :items #{}, :health 75, :mana 856.8235799174732}
{:name "Bilbo", :items #{}, :health 442.42201270977534, :strength 100}
{:name "Smaug", :items #{}, :health 417.72743686656924, :strength 400}
{:name "Smaug", :items #{}, :health 408.7907568761831, :strength 400}
{:name "Bilbo", :items #{}, :health 430.4279354843339, :strength 100}
{:name "Gandalf", :items #{}, :health 75, :mana 851.8235799174732}
{:name "Bilbo", :items #{}, :health 435.8786847251836, :strength 100}
{:name "Smaug", :items #{}, :health 405.45476048287316, :strength 400}
{:name "Bilbo", :items #{}, :health 405.7982572876938, :strength 100}
{:name "Gandalf", :items #{}, :health 75, :mana 842.0317464336209}
{:name "Bilbo", :items #{}, :health 454.75742470695565, :strength 100}
{:name "Smaug", :items #{}, :health 402.22127943969537, :strength 400}
{:name "Bilbo", :items #{}, :health 432.047288508799, :strength 100}
{:name "Gandalf", :items #{}, :health 75, :mana 837.0317464336209}
{:name "Bilbo", :items #{}, :health 441.1000792192534, :strength 100}
{:name "Smaug", :items #{}, :health 399.84622729478644, :strength 400}
{:name "Gandalf", :items #{}, :health 75, :mana 829.0362488723225}
{:name "Bilbo", :items #{}, :health 481.07756702574545, :strength 100}
{:name "Gandalf", :items #{}, :health 75, :mana 822.2032781067142}
{:name "Bilbo", :items #{}, :health 515.242420853787, :strength 100}
{:name "Bilbo", :items #{}, :health 499.99943703342353, :strength 100}
{:name "Smaug", :items #{}, :health 395.9072244300542, :strength 400}
{:name "Smaug", :items #{}, :health 389.4007461390574, :strength 400}
{:name "Bilbo", :items #{}, :health 476.45731404729327, :strength 100}
{:name "Smaug", :items #{}, :health 388.848913897479, :strength 400}
{:name "Gandalf", :items #{}, :health 75, :mana 817.0740161919932}
{:name "Bilbo", :items #{}, :health 502.1036236208976, :strength 100}
{:name "Smaug", :items #{}, :health 381.9443038501561, :strength 400}
{:name "Smaug", :items #{}, :health 379.0809868170529, :strength 400}
{:name "Bilbo", :items #{}, :health 481.8636859667926, :strength 100}
{:name "Smaug", :items #{}, :health 378.86412656183063, :strength 400}
{:name "Gandalf", :items #{}, :health 75, :mana 812.0740161919932}
{:name "Bilbo", :items #{}, :health 482.72606984364006, :strength 100}
{:name "Bilbo", :items #{}, :health 477.04739911499, :strength 100}
{:name "Gandalf", :items #{}, :health 75, :mana 805.9743468028032}
{:name "Bilbo", :items #{}, :health 507.5457460609401, :strength 100}
{:name "Gandalf", :items #{}, :health 75, :mana 800.9743468028032}
{:name "Bilbo", :items #{}, :health 528.8795310645085, :strength 100}
{:name "Smaug", :items #{}, :health 370.3764051556151, :strength 400}
{:name "Bilbo", :items #{}, :health 491.5129991923599, :strength 100}
{:name "Gandalf", :items #{}, :health 75, :mana 791.6550214504201}
{:name "Bilbo", :items #{}, :health 538.1096259542757, :strength 100}
{:name "Smaug", :items #{}, :health 363.51347023502575, :strength 400}
{:name "Bilbo", :items #{}, :health 499.5334272339361, :strength 100}
{:name "Gandalf", :items #{}, :health 75, :mana 779.3251019442016}
{:name "Bilbo", :items #{}, :health 561.1830247650289, :strength 100}
{:name "Bilbo", :items #{}, :health 548.637122583532, :strength 100}
{:name "Bilbo", :items #{}, :health 516.962031559851, :strength 100}
{:name "Smaug", :items #{}, :health 360.41743522725034, :strength 400}
{:name "Gandalf", :items #{}, :health 75, :mana 765.9393765655723}
{:name "Bilbo", :items #{}, :health 583.8906584529975, :strength 100}
{:name "Bilbo", :items #{}, :health 559.4912042907508, :strength 100}
{:name "Smaug", :items #{}, :health 358.2511312787909, :strength 400}
{:name "Gandalf", :items #{}, :health 75, :mana 751.1693527871769}
{:name "Bilbo", :items #{}, :health 633.3413231827279, :strength 100}
{:name "Smaug", :items #{}, :health 348.49872170529164, :strength 400}
{:name "Smaug", :items #{}, :health 344.8156662763392, :strength 400}
{:name "Smaug", :items #{}, :health 339.9639999874065, :strength 400}
{:name "Bilbo", :items #{}, :health 601.1973119806362, :strength 100}
{:name "Gandalf", :items #{}, :health 75, :mana 744.366409102834}
{:name "Bilbo", :items #{}, :health 635.2120304023501, :strength 100}
{:name "Gandalf", :items #{}, :health 75, :mana 731.2283468598356}
{:name "Bilbo", :items #{}, :health 700.9023416173426, :strength 100}
{:name "Smaug", :items #{}, :health 329.9723619944732, :strength 400}
{:name "Bilbo", :items #{}, :health 689.2825447412619, :strength 100}
{:name "Gandalf", :items #{}, :health 75, :mana 726.2283468598356}
{:name "Bilbo", :items #{}, :health 702.9510812338267, :strength 100}
{:name "Smaug", :items #{}, :health 327.4083540051334, :strength 400}
{:name "Bilbo", :items #{}, :health 696.8706195657106, :strength 100}
{:name "Smaug", :items #{}, :health 323.31107559696693, :strength 400}
{:name "Gandalf", :items #{}, :health 75, :mana 721.2283468598356}
{:name "Smaug", :items #{}, :health 314.6498551749445, :strength 400}
{:name "Bilbo", :items #{}, :health 707.4376907974307, :strength 100}
{:name "Bilbo", :items #{}, :health 678.2125042015391, :strength 100}
{:name "Gandalf", :items #{}, :health 75, :mana 714.4519679923545}
{:name "Bilbo", :items #{}, :health 712.0943985389443, :strength 100}
{:name "Gandalf", :items #{}, :health 75, :mana 705.0815901032082}
{:name "Smaug", :items #{}, :health 314.4981542962386, :strength 400}
{:name "Bilbo", :items #{}, :health 758.9462879846759, :strength 100}
{:name "Bilbo", :items #{}, :health 758.361766192153, :strength 100}
{:name "Gandalf", :items #{}, :health 75, :mana 694.6034215295566}
{:name "Bilbo", :items #{}, :health 810.7526090604109, :strength 100}
{:name "Bilbo", :items #{}, :health 775.6417945354067, :strength 100}
{:name "Gandalf", :items #{}, :health 75, :mana 684.8283279606035}
{:name "Bilbo", :items #{}, :health 824.5172623801726, :strength 100}
{:name "Smaug", :items #{}, :health 312.169559180355, :strength 400}
{:name "Bilbo", :items #{}, :health 817.8086634821818, :strength 100}
{:name "Smaug", :items #{}, :health 307.4537369342677, :strength 400}
{:name "Bilbo", :items #{}, :health 798.2057176916848, :strength 100}
{:name "Gandalf", :items #{}, :health 75, :mana 674.7656982339357}
{:name "Bilbo", :items #{}, :health 848.5188663250235, :strength 100}
{:name "Gandalf", :items #{}, :health 75, :mana 666.8858859243293}
{:name "Bilbo", :items #{}, :health 887.9179278730555, :strength 100}
{:name "Smaug", :items #{}, :health 304.7359240728756, :strength 400}
{:name "Bilbo", :items #{}, :health 851.6319814332971, :strength 100}
{:name "Bilbo", :items #{}, :health 815.3261809883799, :strength 100}
{:name "Gandalf", :items #{}, :health 75, :mana 661.8858859243293}
{:name "Bilbo", :items #{}, :health 830.4393969507666, :strength 100}
{:name "Smaug", :items #{}, :health 300.86407956844596, :strength 400}
{:name "Gandalf", :items #{}, :health 75, :mana 655.7123500970373}
{:name "Bilbo", :items #{}, :health 861.3070760872264, :strength 100}
{:name "Bilbo", :items #{}, :health 835.8658502779705, :strength 100}
{:name "Smaug", :items #{}, :health 296.37943192491537, :strength 400}
{:name "Smaug", :items #{}, :health 294.2116605151293, :strength 400}
{:name "Gandalf", :items #{}, :health 75, :mana 647.6288610010026}
{:name "Bilbo", :items #{}, :health 876.2832957581437, :strength 100}
{:name "Bilbo", :items #{}, :health 863.462949741446, :strength 100}
{:name "Gandalf", :items #{}, :health 75, :mana 636.0458162878119}
{:name "Bilbo", :items #{}, :health 921.3781733073995, :strength 100}
{:name "Smaug", :items #{}, :health 285.33593174928404, :strength 400}
{:name "Bilbo", :items #{}, :health 894.1531021802833, :strength 100}
{:name "Gandalf", :items #{}, :health 75, :mana 631.0458162878119}
{:name "Bilbo", :items #{}, :health 894.7095478226864, :strength 100}
{:name "Smaug", :items #{}, :health 279.3277429819299, :strength 400}
{:name "Bilbo", :items #{}, :health 884.3066026486827, :strength 100}
{:name "Gandalf", :items #{}, :health 75, :mana 626.0458162878119}
{:name "Bilbo", :items #{}, :health 887.4374195615553, :strength 100}
{:name "Bilbo", :items #{}, :health 870.9021868814469, :strength 100}
{:name "Smaug", :items #{}, :health 271.8874423324787, :strength 400}
{:name "Bilbo", :items #{}, :health 864.7209212079337, :strength 100}
{:name "Smaug", :items #{}, :health 267.1264395008275, :strength 400}
{:name "Smaug", :items #{}, :health 263.57263428310347, :strength 400}
{:name "Smaug", :items #{}, :health 263.50997079602246, :strength 400}
{:name "Gandalf", :items #{}, :health 75, :mana 613.7930442413251}
{:name "Bilbo", :items #{}, :health 925.9847814403679, :strength 100}
{:name "Bilbo", :items #{}, :health 903.1705101194503, :strength 100}
{:name "Smaug", :items #{}, :health 255.04814078477818, :strength 400}
{:name "Gandalf", :items #{}, :health 75, :mana 604.1375927322489}
{:name "Bilbo", :items #{}, :health 951.4477676648315, :strength 100}
{:name "Bilbo", :items #{}, :health 934.0257638076193, :strength 100}
{:name "Gandalf", :items #{}, :health 75, :mana 593.9471218106409}
{:name "Bilbo", :items #{}, :health 984.9781184156595, :strength 100}
{:name "Smaug", :items #{}, :health 247.86124682125723, :strength 400}
{:name "Bilbo", :items #{}, :health 962.1176380133254, :strength 100}
{:name "Smaug", :items #{}, :health 240.59944067439295, :strength 400}
{:name "Gandalf", :items #{}, :health 75, :mana 583.3067253655546}
{:name "Bilbo", :items #{}, :health 1015.3196202387569, :strength 100}
{:name "Bilbo", :items #{}, :health 976.6269294006701, :strength 100}
{:name "Bilbo", :items #{}, :health 965.720558714894, :strength 100}
{:name "Smaug", :items #{}, :health 237.69237551059774, :strength 400}
{:name "Gandalf", :items #{}, :health 75, :mana 576.3131589751908}
{:name "Bilbo", :items #{}, :health 1000.6883906667127, :strength 100}
{:name "Bilbo", :items #{}, :health 992.3982686121014, :strength 100}
{:name "Smaug", :items #{}, :health 235.15028301669184, :strength 400}
{:name "Gandalf", :items #{}, :health 75, :mana 571.0564182080203}
{:name "Bilbo", :items #{}, :health 1018.6819724479543, :strength 100}
{:name "Gandalf", :items #{}, :health 75, :mana 566.0564182080203}
{:name "Bilbo", :items #{}, :health 1039.8756833477812, :strength 100}
{:name "Bilbo", :items #{}, :health 1003.3531980415607, :strength 100}
{:name "Bilbo", :items #{}, :health 975.8367479052313, :strength 100}
{:name "Gandalf", :items #{}, :health 75, :mana 561.0564182080203}
{:name "Bilbo", :items #{}, :health 990.631921736446, :strength 100}
{:name "Bilbo", :items #{}, :health 955.3078856995696, :strength 100}
{:name "Smaug", :items #{}, :health 231.6821480340852, :strength 400}
{:name "Smaug", :items #{}, :health 228.74322482705043, :strength 400}
{:name "Gandalf", :items #{}, :health 75, :mana 553.3183033113477}
{:name "Bilbo", :items #{}, :health 993.9984601829331, :strength 100}
{:name "Gandalf", :items #{}, :health 75, :mana 544.3403251047356}
{:name "Bilbo", :items #{}, :health 1038.8883512159937, :strength 100}
{:name "Bilbo", :items #{}, :health 1025.4533754012857, :strength 100}
{:name "Gandalf", :items #{}, :health 75, :mana 539.3403251047356}
{:name "Bilbo", :items #{}, :health 1049.311650578145, :strength 100}
{:name "Smaug", :items #{}, :health 224.57433221039557, :strength 400}
{:name "Bilbo", :items #{}, :health 1030.6489336197574, :strength 100}
{:name "Smaug", :items #{}, :health 221.46901268741775, :strength 400}
{:name "Smaug", :items #{}, :health 216.69214200471507, :strength 400}
{:name "Gandalf", :items #{}, :health 75, :mana 530.2535417893909}
{:name "Bilbo", :items #{}, :health 1076.082850196481, :strength 100}
{:name "Gandalf", :items #{}, :health 75, :mana 525.2535417893909}
{:name "Bilbo", :items #{}, :health 1097.7065720574153, :strength 100}
{:name "Bilbo", :items #{}, :health 1087.2426710444317, :strength 100}
{:name "Smaug", :items #{}, :health 209.41689271981392, :strength 400}
{:name "Gandalf", :items #{}, :health 75, :mana 520.2535417893909}
{:name "Bilbo", :items #{}, :health 1103.290235919081, :strength 100}
{:name "Gandalf", :items #{}, :health 75, :mana 515.2535417893909}
{:name "Bilbo", :items #{}, :health 1123.265098990384, :strength 100}
{:name "Bilbo", :items #{}, :health 1102.1390889292506, :strength 100}
{:name "Gandalf", :items #{}, :health 75, :mana 509.81865966163093}
{:name "Bilbo", :items #{}, :health 1129.3134995680502, :strength 100}
{:name "Smaug", :items #{}, :health 207.33565527442065, :strength 400}
{:name "Smaug", :items #{}, :health 205.30517744353162, :strength 400}
{:name "Smaug", :items #{}, :health 199.54941635153878, :strength 400}
{:name "Smaug", :items #{}, :health 198.29297566375652, :strength 400}
{:name "Bilbo", :items #{}, :health 1112.586745590475, :strength 100}
{:name "Gandalf", :items #{}, :health 75, :mana 504.81865966163093}
{:name "Bilbo", :items #{}, :health 1131.7393383243236, :strength 100}
{:name "Smaug", :items #{}, :health 196.55239132973696, :strength 400}
{:name "Bilbo", :items #{}, :health 1117.4986135303286, :strength 100}
{:name "Gandalf", :items #{}, :health 75, :mana 499.81865966163093}
{:name "Bilbo", :items #{}, :health 1126.036032110551, :strength 100}
{:name "Smaug", :items #{}, :health 190.24754127322325, :strength 400}
{:name "Bilbo", :items #{}, :health 1100.5289687867678, :strength 100}
{:name "Gandalf", :items #{}, :health 75, :mana 494.81865966163093}
{:name "Bilbo", :items #{}, :health 1116.977239508114, :strength 100}
{:name "Bilbo", :items #{}, :health 1108.876967996213, :strength 100}
{:name "Smaug", :items #{}, :health 183.7516135071084, :strength 400}
{:name "Bilbo", :items #{}, :health 1107.5062241699613, :strength 100}
{:name "Gandalf", :items #{}, :health 75, :mana 488.7723299721145}
{:name "Bilbo", :items #{}, :health 1137.7378726175436, :strength 100}
{:name "Smaug", :items #{}, :health 177.90026979118193, :strength 400}
{:name "Gandalf", :items #{}, :health 75, :mana 482.6981627449185}
{:name "Bilbo", :items #{}, :health 1168.1087087535238, :strength 100}
{:name "Bilbo", :items #{}, :health 1147.0601363875346, :strength 100}
{:name "Smaug", :items #{}, :health 171.7792193972085, :strength 400}
{:name "Gandalf", :items #{}, :health 75, :mana 477.6981627449185}
{:name "Bilbo", :items #{}, :health 1151.3917221807544, :strength 100}
{:name "Bilbo", :items #{}, :health 1133.0577226957937, :strength 100}
{:name "Bilbo", :items #{}, :health 1122.9659177578822, :strength 100}
{:name "Bilbo", :items #{}, :health 1116.6165363867885, :strength 100}
{:name "Gandalf", :items #{}, :health 75, :mana 470.89508514930594}
{:name "Bilbo", :items #{}, :health 1150.6319243648513, :strength 100}
{:name "Smaug", :items #{}, :health 164.00032098867064, :strength 400}
{:name "Bilbo", :items #{}, :health 1134.2004548052096, :strength 100}
{:name "Bilbo", :items #{}, :health 1115.4147214125744, :strength 100}
{:name "Gandalf", :items #{}, :health 75, :mana 465.89508514930594}
{:name "Bilbo", :items #{}, :health 1135.6770889706245, :strength 100}
{:name "Bilbo", :items #{}, :health 1095.947429793439, :strength 100}
{:name "Smaug", :items #{}, :health 159.46091151420012, :strength 400}
{:name "Smaug", :items #{}, :health 159.3513031219602, :strength 400}
{:name "Bilbo", :items #{}, :health 1070.9633638699074, :strength 100}
{:name "Gandalf", :items #{}, :health 75, :mana 460.89508514930594}
{:name "Bilbo", :items #{}, :health 1076.2137446388163, :strength 100}
{:name "Bilbo", :items #{}, :health 1054.05322645485, :strength 100}
{:name "Smaug", :items #{}, :health 149.8355263683121, :strength 400}
{:name "Smaug", :items #{}, :health 145.41371980958172, :strength 400}
{:name "Gandalf", :items #{}, :health 75, :mana 455.89508514930594}
{:name "Bilbo", :items #{}, :health 1058.4060527729494, :strength 100}
{:name "Bilbo", :items #{}, :health 1028.366442469675, :strength 100}
{:name "Smaug", :items #{}, :health 143.4950075676495, :strength 400}
{:name "Bilbo", :items #{}, :health 1002.6568018306734, :strength 100}
{:name "Smaug", :items #{}, :health 134.9466727439679, :strength 400}
{:name "Gandalf", :items #{}, :health 75, :mana 450.89508514930594}
{:name "Bilbo", :items #{}, :health 1022.8155460844125, :strength 100}
{:name "Gandalf", :items #{}, :health 75, :mana 445.89508514930594}
{:name "Bilbo", :items #{}, :health 1031.3099949979671, :strength 100}
{:name "Smaug", :items #{}, :health 127.84957804431401, :strength 400}
{:name "Bilbo", :items #{}, :health 1020.2039233749242, :strength 100}
{:name "Bilbo", :items #{}, :health 1015.2516298888547, :strength 100}
{:name "Bilbo", :items #{}, :health 1013.3652893388847, :strength 100}
{:name "Gandalf", :items #{}, :health 75, :mana 440.89508514930594}
{:name "Bilbo", :items #{}, :health 1025.0598665408531, :strength 100}
{:name "Smaug", :items #{}, :health 119.62855928398842, :strength 400}
{:name "Bilbo", :items #{}, :health 1003.2681820788009, :strength 100}
{:name "Bilbo", :items #{}, :health 978.9385068282055, :strength 100}
{:name "Bilbo", :items #{}, :health 976.8019616371203, :strength 100}
{:name "Gandalf", :items #{}, :health 75, :mana 435.80595610613875}
{:name "Bilbo", :items #{}, :health 1002.2476068529561, :strength 100}
{:name "Smaug", :items #{}, :health 112.80014269523785, :strength 400}
{:name "Gandalf", :items #{}, :health 75, :mana 430.80595610613875}
{:name "Bilbo", :items #{}, :health 1023.7875353406132, :strength 100}
{:name "Bilbo", :items #{}, :health 1020.2229717474356, :strength 100}
{:name "Smaug", :items #{}, :health 104.20222920644215, :strength 400}
{:name "Gandalf", :items #{}, :health 75, :mana 425.80595610613875}
{:name "Bilbo", :items #{}, :health 1028.9698141721829, :strength 100}
{:name "Bilbo", :items #{}, :health 1015.152050926656, :strength 100}
{:name "Smaug", :items #{}, :health 97.66369760397502, :strength 400}
{:name "Bilbo", :items #{}, :health 986.9445294847374, :strength 100}
{:name "Gandalf", :items #{}, :health 75, :mana 420.80595610613875}
{:name "Bilbo", :items #{}, :health 1000.103610540896, :strength 100}
{:name "Smaug", :items #{}, :health 90.52356367334697, :strength 400}
{:name "Bilbo", :items #{}, :health 966.3030415695587, :strength 100}
{:name "Gandalf", :items #{}, :health 75, :mana 415.80595610613875}
{:name "Bilbo", :items #{}, :health 977.9839565223076, :strength 100}
{:name "Smaug", :items #{}, :health 89.05224411733037, :strength 400}
{:name "Smaug", :items #{}, :health 85.64875648492121, :strength 400}
{:name "Gandalf", :items #{}, :health 75, :mana 408.0775233433683}
{:name "Bilbo", :items #{}, :health 1016.6261203361599, :strength 100}
{:name "Bilbo", :items #{}, :health 983.7794445082988, :strength 100}
{:name "Gandalf", :items #{}, :health 75, :mana 403.0775233433683}
{:name "Bilbo", :items #{}, :health 990.8457499035657, :strength 100}
{:name "Smaug", :items #{}, :health 77.81081898163407, :strength 400}
{:name "Smaug", :items #{}, :health 68.0851576941692, :strength 400}
{:name "Gandalf", :items #{}, :health 75, :mana 396.9311221890796}
{:name "Bilbo", :items #{}, :health 1021.5777556750093, :strength 100}
{:name "Smaug", :items #{}, :health 66.65892424608643, :strength 400}
{:name "Smaug", :items #{}, :health 60.3525673133365, :strength 400}
{:name "Bilbo", :items #{}, :health 994.8770091177955, :strength 100}
{:name "Gandalf", :items #{}, :health 75, :mana 390.1209188067302}
{:name "Bilbo", :items #{}, :health 1028.9280260295427, :strength 100}
{:name "Gandalf", :items #{}, :health 75, :mana 385.1209188067302}
{:name "Bilbo", :items #{}, :health 1053.6618684781579, :strength 100}
{:name "Gandalf", :items #{}, :health 75, :mana 379.32903023334046}
{:name "Bilbo", :items #{}, :health 1082.6213113451065, :strength 100}
{:name "Bilbo", :items #{}, :health 1072.3979194268134, :strength 100}
{:name "Smaug", :items #{}, :health 57.013546207271794, :strength 400}
{:name "Bilbo", :items #{}, :health 1061.7764417250687, :strength 100}
{:name "Gandalf", :items #{}, :health 75, :mana 374.32903023334046}
{:name "Bilbo", :items #{}, :health 1074.4463965744633, :strength 100}
{:name "Smaug", :items #{}, :health 47.9037634568625, :strength 400}
{:name "Bilbo", :items #{}, :health 1051.968072781101, :strength 100}
{:name "Gandalf", :items #{}, :health 75, :mana 369.32903023334046}
{:name "Bilbo", :items #{}, :health 1052.5496702606338, :strength 100}
{:name "Smaug", :items #{}, :health 41.36611119004635, :strength 400}
{:name "Gandalf", :items #{}, :health 75, :mana 364.32903023334046}
{:name "Bilbo", :items #{}, :health 1056.0505144054903, :strength 100}
{:name "Gandalf", :items #{}, :health 75, :mana 359.0013247377433}
{:name "Bilbo", :items #{}, :health 1082.6890418834762, :strength 100}
{:name "Smaug", :items #{}, :health 38.30136755676041, :strength 400}
{:name "Bilbo", :items #{}, :health 1049.7969207234528, :strength 100}
{:name "Smaug", :items #{}, :health 37.33532925158772, :strength 400}
{:name "Bilbo", :items #{}, :health 1010.3030303249135, :strength 100}
{:name "Bilbo", :items #{}, :health 979.7858370407158, :strength 100}
{:name "Gandalf", :items #{}, :health 75, :mana 352.04613317135966}
{:name "Bilbo", :items #{}, :health 1014.5617948726339, :strength 100}
{:name "Smaug", :items #{}, :health 29.346927468985964, :strength 400}
{:name "Bilbo", :items #{}, :health 980.8622088225992, :strength 100}
{:name "Smaug", :items #{}, :health 21.31092943012572, :strength 400}
{:name "Gandalf", :items #{}, :health 75, :mana 347.04613317135966}
{:name "Bilbo", :items #{}, :health 1001.5267943128858, :strength 100}
{:name "Bilbo", :items #{}, :health 963.5684312936642, :strength 100}
{:name "Gandalf", :items #{}, :health 75, :mana 342.04613317135966}
{:name "Bilbo", :items #{}, :health 987.9475013105724, :strength 100}
{:name "Smaug", :items #{}, :health 16.5359159495541, :strength 400}
{:name "Bilbo", :items #{}, :health 987.1832465305911, :strength 100}
{:name "Gandalf", :items #{}, :health 75, :mana 337.04613317135966}
{:name "Bilbo", :items #{}, :health 1003.4203016937751, :strength 100}
{:name "Bilbo", :items #{}, :health 978.9935994663717, :strength 100}
{:name "Bilbo", :items #{}, :health 970.8121652375999, :strength 100}
{:name "Smaug", :items #{}, :health 13.575142562406283, :strength 400}
{:name "Bilbo", :items #{}, :health 945.7111486647999, :strength 100}
{:name "Bilbo", :items #{}, :health 923.5084461156192, :strength 100}
{:name "Gandalf", :items #{}, :health 75, :mana 332.04613317135966}
{:name "Bilbo", :items #{}, :health 934.65005636096, :strength 100}
{:name "Bilbo", :items #{}, :health 902.2320591512668, :strength 100}
{:name "Smaug", :items #{}, :health 3.681619927377719, :strength 400}
{:name "Gandalf", :items #{}, :health 75, :mana 325.8260634209439}
{:name "Bilbo", :items #{}, :health 933.3324079033456, :strength 100}
{:name "Smaug", :items #{}, :health 0, :strength 400}
{:name "Gandalf", :items #{}, :health 75, :mana 320.8260634209439}
{:name "Bilbo", :items #{}, :health 951.0076391725181, :strength 100}
{:name "Gandalf", :items #{}, :health 75, :mana 315.8260634209439}
{:name "Bilbo", :items #{}, :health 971.1508807261323, :strength 100}
{:name "Gandalf", :items #{}, :health 75, :mana 310.8260634209439}
{:name "Bilbo", :items #{}, :health 972.617586061426, :strength 100}
{:name "Gandalf", :items #{}, :health 75, :mana 305.8260634209439}
{:name "Bilbo", :items #{}, :health 983.6889202260298, :strength 100}
{:name "Gandalf", :items #{}, :health 75, :mana 300.8260634209439}
{:name "Bilbo", :items #{}, :health 1008.543472856517, :strength 100}
{:name "Gandalf", :items #{}, :health 75, :mana 295.1983820984739}
{:name "Bilbo", :items #{}, :health 1036.6818794688668, :strength 100}
{:name "Gandalf", :items #{}, :health 75, :mana 290.1983820984739}
{:name "Bilbo", :items #{}, :health 1055.852865902753, :strength 100}
{:name "Gandalf", :items #{}, :health 75, :mana 284.80451941427265}
{:name "Bilbo", :items #{}, :health 1082.8221793237594, :strength 100}
{:name "Gandalf", :items #{}, :health 75, :mana 279.80451941427265}
{:name "Bilbo", :items #{}, :health 1105.1415332471538, :strength 100}
{:name "Gandalf", :items #{}, :health 75, :mana 274.56303561191845}
{:name "Bilbo", :items #{}, :health 1131.3489522589248, :strength 100}
{:name "Gandalf", :items #{}, :health 75, :mana 269.56303561191845}
{:name "Bilbo", :items #{}, :health 1131.9581165199363, :strength 100}
{:name "Gandalf", :items #{}, :health 75, :mana 264.56303561191845}
{:name "Bilbo", :items #{}, :health 1135.26977623615, :strength 100}
{:name "Gandalf", :items #{}, :health 75, :mana 259.56303561191845}
{:name "Bilbo", :items #{}, :health 1140.1203100868656, :strength 100}
{:name "Gandalf", :items #{}, :health 75, :mana 254.56303561191845}
{:name "Bilbo", :items #{}, :health 1142.7281900920686, :strength 100}
{:name "Gandalf", :items #{}, :health 75, :mana 249.56303561191845}
{:name "Bilbo", :items #{}, :health 1143.814263465786, :strength 100}
{:name "Gandalf", :items #{}, :health 75, :mana 244.56303561191845}
{:name "Bilbo", :items #{}, :health 1167.7098177291475, :strength 100}
{:name "Gandalf", :items #{}, :health 75, :mana 239.56303561191845}
{:name "Bilbo", :items #{}, :health 1191.5034517905024, :strength 100}
{:name "Gandalf", :items #{}, :health 75, :mana 234.56303561191845}
{:name "Bilbo", :items #{}, :health 1214.0376897940096, :strength 100}
{:name "Gandalf", :items #{}, :health 75, :mana 229.56303561191845}
{:name "Bilbo", :items #{}, :health 1218.2433276645713, :strength 100}
{:name "Gandalf", :items #{}, :health 75, :mana 224.56303561191845}
{:name "Bilbo", :items #{}, :health 1224.7631885225328, :strength 100}
{:name "Gandalf", :items #{}, :health 75, :mana 219.56303561191845}
{:name "Bilbo", :items #{}, :health 1245.6851673223184, :strength 100}
{:name "Gandalf", :items #{}, :health 75, :mana 214.56303561191845}
{:name "Bilbo", :items #{}, :health 1266.344080368746, :strength 100}
{:name "Gandalf", :items #{}, :health 75, :mana 209.56303561191845}
{:name "Bilbo", :items #{}, :health 1276.5849145155257, :strength 100}
{:name "Gandalf", :items #{}, :health 75, :mana 204.56303561191845}
{:name "Bilbo", :items #{}, :health 1287.5695753031328, :strength 100}
{:name "Gandalf", :items #{}, :health 75, :mana 199.56303561191845}
{:name "Bilbo", :items #{}, :health 1295.3772427682907, :strength 100}
{:name "Gandalf", :items #{}, :health 75, :mana 194.56303561191845}
{:name "Bilbo", :items #{}, :health 1307.1439571637577, :strength 100}
{:name "Gandalf", :items #{}, :health 75, :mana 189.56303561191845}
{:name "Bilbo", :items #{}, :health 1324.4536854030134, :strength 100}
{:name "Gandalf", :items #{}, :health 75, :mana 184.56303561191845}
{:name "Bilbo", :items #{}, :health 1334.0755320739397, :strength 100}
{:name "Gandalf", :items #{}, :health 75, :mana 179.56303561191845}
{:name "Bilbo", :items #{}, :health 1343.7574239842008, :strength 100}
{:name "Gandalf", :items #{}, :health 75, :mana 174.56303561191845}
{:name "Bilbo", :items #{}, :health 1353.7916421419136, :strength 100}
{:name "Gandalf", :items #{}, :health 75, :mana 169.56303561191845}
{:name "Bilbo", :items #{}, :health 1363.4069299033188, :strength 100}
{:name "Gandalf", :items #{}, :health 75, :mana 164.56303561191845}
{:name "Bilbo", :items #{}, :health 1372.9776151083036, :strength 100}
{:name "Gandalf", :items #{}, :health 75, :mana 159.56303561191845}
{:name "Bilbo", :items #{}, :health 1374.8489711994903, :strength 100}
{:name "Gandalf", :items #{}, :health 75, :mana 154.56303561191845}
{:name "Bilbo", :items #{}, :health 1379.8446624192834, :strength 100}
{:name "Gandalf", :items #{}, :health 75, :mana 149.56303561191845}
{:name "Bilbo", :items #{}, :health 1392.828716334483, :strength 100}
{:name "Gandalf", :items #{}, :health 75, :mana 144.56303561191845}
{:name "Bilbo", :items #{}, :health 1397.0808773863293, :strength 100}
{:name "Gandalf", :items #{}, :health 75, :mana 139.56303561191845}
{:name "Bilbo", :items #{}, :health 1403.3501936354762, :strength 100}
{:name "Gandalf", :items #{}, :health 75, :mana 134.56303561191845}
{:name "Bilbo", :items #{}, :health 1412.8880578562575, :strength 100}
{:name "Gandalf", :items #{}, :health 75, :mana 129.56303561191845}
{:name "Bilbo", :items #{}, :health 1417.3687697612731, :strength 100}
{:name "Gandalf", :items #{}, :health 75, :mana 124.56303561191845}
{:name "Bilbo", :items #{}, :health 1425.1583211217228, :strength 100}
{:name "Gandalf", :items #{}, :health 75, :mana 119.56303561191845}
{:name "Bilbo", :items #{}, :health 1435.2520676830768, :strength 100}
{:name "Gandalf", :items #{}, :health 75, :mana 114.56303561191845}
{:name "Bilbo", :items #{}, :health 1437.5351925834125, :strength 100}
{:name "Gandalf", :items #{}, :health 75, :mana 109.56303561191845}
{:name "Bilbo", :items #{}, :health 1448.857786109352, :strength 100}
{:name "Gandalf", :items #{}, :health 75, :mana 104.56303561191845}
{:name "Bilbo", :items #{}, :health 1450.1183689834409, :strength 100}
{:name "Gandalf", :items #{}, :health 75, :mana 99.56303561191845}
{:name "Bilbo", :items #{}, :health 1451.4131172112832, :strength 100}
{:name "Gandalf", :items #{}, :health 75, :mana 94.56303561191845}
{:name "Bilbo", :items #{}, :health 1452.9679627439675, :strength 100}
{:name "Gandalf", :items #{}, :health 75, :mana 89.56303561191845}
{:name "Bilbo", :items #{}, :health 1454.5540297545833, :strength 100}
{:name "Gandalf", :items #{}, :health 75, :mana 84.56303561191845}
{:name "Bilbo", :items #{}, :health 1461.8047099851253, :strength 100}
{:name "Gandalf", :items #{}, :health 75, :mana 79.56303561191845}
{:name "Bilbo", :items #{}, :health 1462.2035196232296, :strength 100}
{:name "Gandalf", :items #{}, :health 75, :mana 74.56303561191845}
{:name "Bilbo", :items #{}, :health 1469.1906579769848, :strength 100}
{:name "Gandalf", :items #{}, :health 75, :mana 69.56303561191845}
{:name "Bilbo", :items #{}, :health 1471.6982968383716, :strength 100}
{:name "Gandalf", :items #{}, :health 75, :mana 64.56303561191845}
{:name "Bilbo", :items #{}, :health 1475.7121605041723, :strength 100}
{:name "Gandalf", :items #{}, :health 75, :mana 59.56303561191845}
{:name "Bilbo", :items #{}, :health 1482.0597490905125, :strength 100}
{:name "Gandalf", :items #{}, :health 75, :mana 54.56303561191845}
{:name "Bilbo", :items #{}, :health 1484.5604429624375, :strength 100}
{:name "Gandalf", :items #{}, :health 75, :mana 49.56303561191845}
{:name "Bilbo", :items #{}, :health 1487.515974610354, :strength 100}
{:name "Gandalf", :items #{}, :health 75, :mana 44.56303561191845}
{:name "Bilbo", :items #{}, :health 1488.555573804563, :strength 100}
{:name "Gandalf", :items #{}, :health 75, :mana 39.56303561191845}
{:name "Bilbo", :items #{}, :health 1492.6658057488307, :strength 100}
{:name "Gandalf", :items #{}, :health 75, :mana 34.56303561191845}
{:name "Bilbo", :items #{}, :health 1495.7646270832413, :strength 100}
{:name "Gandalf", :items #{}, :health 75, :mana 29.56303561191845}
{:name "Bilbo", :items #{}, :health 1495.8297399175942, :strength 100}
{:name "Gandalf", :items #{}, :health 75, :mana 24.56303561191845}
{:name "Bilbo", :items #{}, :health 1498.1024436249058, :strength 100}
{:name "Gandalf", :items #{}, :health 75, :mana 19.56303561191845}
{:name "Bilbo", :items #{}, :health 1499.8081416687123, :strength 100}
{:name "Gandalf", :items #{}, :health 75, :mana 14.563035611918451}
{:name "Bilbo", :items #{}, :health 1500.808626021104, :strength 100}
{:name "Gandalf", :items #{}, :health 75, :mana 9.563035611918451}
{:name "Bilbo", :items #{}, :health 1501.5643894428538, :strength 100}
{:name "Gandalf", :items #{}, :health 75, :mana 4.563035611918451}
{:name "Bilbo", :items #{}, :health 1502.0323843862682, :strength 100}
{:name "Gandalf", :items #{}, :health 75, :mana -0.4369643880815488}
{:name "Bilbo", :items #{}, :health 1502.185739261683, :strength 100}
{:name "Smaug", :items #{}, :health 497.38899597205466, :strength 400}
